app/build/intermediates/manifest_merge_blame_file/release/manifest-merger-blame-release-report.txt
1<?xml version="1.0" encoding="utf-8"?>
2<manifest xmlns:android="http://schemas.android.com/apk/res/android"
3    package="miui.statusbar.lyric"
4    android:versionCode="28"
5    android:versionName="2.9.26" >
6
7    <uses-sdk
8        android:minSdkVersion="28"
8-->src\main\AndroidManifest.xml
9        android:targetSdkVersion="29" />
9-->src\main\AndroidManifest.xml
10
11    <uses-permission android:name="android.permission.FORCE_STOP_PACKAGES" />
11-->src\main\AndroidManifest.xml:6:5-8:50
11-->src\main\AndroidManifest.xml:7:13-66
12    <uses-permission android:name="android.permission.WRITE_EXTERNAL_STORAGE" />
12-->src\main\AndroidManifest.xml:9:5-11:43
12-->src\main\AndroidManifest.xml:10:13-69
13    <uses-permission android:name="android.permission.MANAGE_EXTERNAL_STORAGE" />
13-->src\main\AndroidManifest.xml:12:5-14:43
13-->src\main\AndroidManifest.xml:13:13-70
14    <uses-permission android:name="android.permission.INTERNET" />
14-->src\main\AndroidManifest.xml:15:5-66
14-->src\main\AndroidManifest.xml:15:22-64
15    <uses-permission android:name="android.permission.REQUEST_DELETE_PACKAGES" />
15-->src\main\AndroidManifest.xml:16:5-81
15-->src\main\AndroidManifest.xml:16:22-79
16
17    <application
17-->src\main\AndroidManifest.xml:18:5-67:19
18        android:extractNativeLibs="false"
19        android:icon="@mipmap/ic_launcher"
19-->src\main\AndroidManifest.xml:19:13-47
20        android:label="@string/app_name"
20-->src\main\AndroidManifest.xml:20:13-45
21        android:requestLegacyExternalStorage="true"
21-->src\main\AndroidManifest.xml:21:13-56
22        android:resizeableActivity="true"
22-->src\main\AndroidManifest.xml:22:13-46
23        android:roundIcon="@mipmap/ic_launcher_round"
23-->src\main\AndroidManifest.xml:23:13-58
24        android:supportsRtl="true"
24-->src\main\AndroidManifest.xml:24:13-39
25        android:theme="@style/AppTheme" >
25-->src\main\AndroidManifest.xml:25:13-44
26        <activity android:name="miui.statusbar.lyric.activity.AboutActivity" >
26-->src\main\AndroidManifest.xml:28:9-29:20
26-->src\main\AndroidManifest.xml:28:19-57
27        </activity>
28        <activity
28-->src\main\AndroidManifest.xml:31:9-41:20
29            android:name="miui.statusbar.lyric.activity.SettingsActivity"
29-->src\main\AndroidManifest.xml:32:17-58
30            android:exported="true" >
30-->src\main\AndroidManifest.xml:33:17-40
31            <intent-filter>
31-->src\main\AndroidManifest.xml:34:13-40:29
32                <action android:name="android.intent.action.MAIN" />
32-->src\main\AndroidManifest.xml:35:17-68
32-->src\main\AndroidManifest.xml:35:25-66
33                <action android:name="miui.statusbar.lyric.SettingsFragment" />
33-->src\main\AndroidManifest.xml:36:17-79
33-->src\main\AndroidManifest.xml:36:25-77
34
35                <category android:name="android.intent.category.DEFAULT" />
35-->src\main\AndroidManifest.xml:38:17-75
35-->src\main\AndroidManifest.xml:38:27-73
36                <category android:name="de.robv.android.xposed.category.MODULE_SETTINGS" />
36-->src\main\AndroidManifest.xml:39:17-91
36-->src\main\AndroidManifest.xml:39:27-89
37            </intent-filter>
38        </activity>
39
40        <activity-alias
40-->src\main\AndroidManifest.xml:43:9-51:26
41            android:name="miui.statusbar.lyric.launcher"
41-->src\main\AndroidManifest.xml:44:17-41
42            android:enabled="true"
42-->src\main\AndroidManifest.xml:45:17-39
43            android:targetActivity="miui.statusbar.lyric.activity.SettingsActivity" >
43-->src\main\AndroidManifest.xml:46:17-68
44            <intent-filter>
44-->src\main\AndroidManifest.xml:47:13-50:29
45                <action android:name="android.intent.action.MAIN" />
45-->src\main\AndroidManifest.xml:35:17-68
45-->src\main\AndroidManifest.xml:35:25-66
46
47                <category android:name="android.intent.category.LAUNCHER" />
47-->src\main\AndroidManifest.xml:49:17-76
47-->src\main\AndroidManifest.xml:49:27-74
48            </intent-filter>
49        </activity-alias>
50
51        <meta-data
51-->src\main\AndroidManifest.xml:53:9-55:39
52            android:name="xposedmodule"
52-->src\main\AndroidManifest.xml:54:17-44
53            android:value="true" />
53-->src\main\AndroidManifest.xml:55:17-37
54        <meta-data
54-->src\main\AndroidManifest.xml:56:9-58:81
55            android:name="xposeddescription"
55-->src\main\AndroidManifest.xml:57:17-49
56            android:value="如果无法显示歌词，请尝试停止音乐软件并重启系统界面\n或查看 使用说明 自己是否使用正确版本" />
56-->src\main\AndroidManifest.xml:58:17-79
57        <meta-data
57-->src\main\AndroidManifest.xml:59:9-61:37
58            android:name="xposedminversion"
58-->src\main\AndroidManifest.xml:60:17-48
59            android:value="54" />
59-->src\main\AndroidManifest.xml:61:17-35
60        <meta-data
60-->src\main\AndroidManifest.xml:62:9-64:56
61            android:name="xposedscope"
61-->src\main\AndroidManifest.xml:63:17-43
62            android:resource="@array/need_module" />
62-->src\main\AndroidManifest.xml:64:17-54
63    </application>
64
65</manifest>